<?xml version="1.0" encoding="UTF-8"?>
<testng-results ignored="0" total="1" passed="1" failed="0" skipped="0">
  <reporter-output>
  </reporter-output>
  <suite started-at="2020-12-13T00:15:12 CST" name="Default suite" finished-at="2020-12-13T00:15:12 CST" duration-ms="34">
    <groups>
    </groups>
    <test started-at="2020-12-13T00:15:12 CST" name="Default test" finished-at="2020-12-13T00:15:12 CST" duration-ms="34">
      <class name="SeleniumFirstScript.TestNgXML">
        <test-method signature="parameterTest(java.lang.String)[pri:0, instance:SeleniumFirstScript.TestNgXML@7f1302d6]" started-at="2020-12-13T00:15:12 CST" name="parameterTest" finished-at="2020-12-13T00:15:12 CST" duration-ms="7" status="PASS">
          <params>
            <param index="0">
              <value>
                <![CDATA[manisha]]>
              </value>
            </param>
          </params>
          <reporter-output>
          </reporter-output>
        </test-method> <!-- parameterTest -->
      </class> <!-- SeleniumFirstScript.TestNgXML -->
    </test> <!-- Default test -->
  </suite> <!-- Default suite -->
</testng-results>
